<?xml version="1.0" encoding="UTF-8"?>
<testng-results ignored="14" total="24" passed="9" failed="1" skipped="0">
  <reporter-output>
  </reporter-output>
  <suite started-at="2022-08-08T16:10:22 IST" name="Suite" finished-at="2022-08-08T16:14:21 IST" duration-ms="239490">
    <groups>
      <group name="Sanity">
        <method signature="AccountCreationPageTest.verifyAccountCreationPage(java.lang.String)[pri:0, instance:TestCases.AccountCreationPageTest@35047d03]" name="verifyAccountCreationPage" class="TestCases.AccountCreationPageTest"/>
        <method signature="AddToCartPageTest.verifyaddToCart(java.lang.String, java.lang.String, java.lang.String)[pri:0, instance:TestCases.AddToCartPageTest@3ba9ad43]" name="verifyaddToCart" class="TestCases.AddToCartPageTest"/>
        <method signature="LoginPageTest.loginTest(java.lang.String, java.lang.String)[pri:0, instance:TestCases.LoginPageTest@6f96c77]" name="loginTest" class="TestCases.LoginPageTest"/>
      </group> <!-- Sanity -->
      <group name="Regression">
        <method signature="AddToCartPageTest.verifyaddToCart(java.lang.String, java.lang.String, java.lang.String)[pri:0, instance:TestCases.AddToCartPageTest@3ba9ad43]" name="verifyaddToCart" class="TestCases.AddToCartPageTest"/>
        <method signature="EndToEndTest.endToEndTest(java.lang.String, java.lang.String, java.lang.String)[pri:0, instance:TestCases.EndToEndTest@be64738]" name="endToEndTest" class="TestCases.EndToEndTest"/>
        <method signature="OrderPageTest.verifyTotalPrice(java.lang.String, java.lang.String, java.lang.String)[pri:0, instance:TestCases.OrderPageTest@4c9f8c13]" name="verifyTotalPrice" class="TestCases.OrderPageTest"/>
      </group> <!-- Regression -->
      <group name="Smoke">
        <method signature="HomePageTest.verifyOrderHistory(java.lang.String, java.lang.String)[pri:0, instance:TestCases.HomePageTest@49b0b76]" name="verifyOrderHistory" class="TestCases.HomePageTest"/>
        <method signature="HomePageTest.verifyWishList(java.lang.String, java.lang.String)[pri:0, instance:TestCases.HomePageTest@49b0b76]" name="verifyWishList" class="TestCases.HomePageTest"/>
        <method signature="IndexPageTest.verifyLogo()[pri:0, instance:TestCases.IndexPageTest@769f71a9]" name="verifyLogo" class="TestCases.IndexPageTest"/>
        <method signature="IndexPageTest.verifyTitle()[pri:0, instance:TestCases.IndexPageTest@769f71a9]" name="verifyTitle" class="TestCases.IndexPageTest"/>
        <method signature="LoginPageTest.loginTest(java.lang.String, java.lang.String)[pri:0, instance:TestCases.LoginPageTest@6f96c77]" name="loginTest" class="TestCases.LoginPageTest"/>
        <method signature="SearchResultPageTest.verifyProductIsAvailable(java.lang.String)[pri:0, instance:TestCases.SearchResultPageTest@5ae50ce6]" name="verifyProductIsAvailable" class="TestCases.SearchResultPageTest"/>
      </group> <!-- Smoke -->
    </groups>
    <test started-at="2022-08-08T16:10:22 IST" name="Test_All" finished-at="2022-08-08T16:14:21 IST" duration-ms="239490">
      <class name="TestCases.OrderPageTest">
        <test-method is-config="true" signature="setup(java.lang.String)[pri:0, instance:TestCases.OrderPageTest@4c9f8c13]" started-at="2022-08-08T16:12:02 IST" name="setup" finished-at="2022-08-08T16:12:11 IST" duration-ms="9488" status="PASS">
          <params>
            <param index="0">
              <value>
                <![CDATA[Chrome]]>
              </value>
            </param>
          </params>
          <reporter-output>
          </reporter-output>
        </test-method> <!-- setup -->
        <test-method signature="verifyTotalPrice(java.lang.String, java.lang.String, java.lang.String)[pri:0, instance:TestCases.OrderPageTest@4c9f8c13]" started-at="2022-08-08T16:12:11 IST" name="verifyTotalPrice" data-provider="getProduct" finished-at="2022-08-08T16:12:25 IST" duration-ms="13581" status="PASS">
          <params>
            <param index="0">
              <value>
                <![CDATA[t-shirt]]>
              </value>
            </param>
            <param index="1">
              <value>
                <![CDATA[2]]>
              </value>
            </param>
            <param index="2">
              <value>
                <![CDATA[2]]>
              </value>
            </param>
          </params>
          <reporter-output>
          </reporter-output>
        </test-method> <!-- verifyTotalPrice -->
        <test-method is-config="true" signature="tesrDown()[pri:0, instance:TestCases.OrderPageTest@4c9f8c13]" started-at="2022-08-08T16:12:25 IST" name="tesrDown" finished-at="2022-08-08T16:12:26 IST" duration-ms="613" status="PASS">
          <reporter-output>
          </reporter-output>
        </test-method> <!-- tesrDown -->
      </class> <!-- TestCases.OrderPageTest -->
      <class name="TestCases.AccountCreationPageTest">
        <test-method is-config="true" signature="loadConfig()[pri:0, instance:TestCases.AccountCreationPageTest@35047d03]" started-at="2022-08-08T16:10:21 IST" name="loadConfig" finished-at="2022-08-08T16:10:22 IST" duration-ms="568" status="PASS">
          <reporter-output>
          </reporter-output>
        </test-method> <!-- loadConfig -->
        <test-method is-config="true" signature="setup(java.lang.String)[pri:0, instance:TestCases.AccountCreationPageTest@35047d03]" started-at="2022-08-08T16:10:23 IST" name="setup" finished-at="2022-08-08T16:10:42 IST" duration-ms="18640" status="PASS">
          <params>
            <param index="0">
              <value>
                <![CDATA[Chrome]]>
              </value>
            </param>
          </params>
          <reporter-output>
          </reporter-output>
        </test-method> <!-- setup -->
        <test-method signature="verifyAccountCreationPage(java.lang.String)[pri:0, instance:TestCases.AccountCreationPageTest@35047d03]" started-at="2022-08-08T16:10:42 IST" name="verifyAccountCreationPage" data-provider="email" finished-at="2022-08-08T16:10:49 IST" duration-ms="7431" status="PASS">
          <params>
            <param index="0">
              <value>
                <![CDATA[ghfsdtyfg@gmail.com]]>
              </value>
            </param>
          </params>
          <reporter-output>
          </reporter-output>
        </test-method> <!-- verifyAccountCreationPage -->
        <test-method is-config="true" signature="tesrDown()[pri:0, instance:TestCases.AccountCreationPageTest@35047d03]" started-at="2022-08-08T16:10:49 IST" name="tesrDown" finished-at="2022-08-08T16:10:50 IST" duration-ms="552" status="PASS">
          <reporter-output>
          </reporter-output>
        </test-method> <!-- tesrDown -->
        <test-method is-config="true" signature="aftersute()[pri:0, instance:TestCases.AccountCreationPageTest@35047d03]" started-at="2022-08-08T16:14:21 IST" name="aftersute" finished-at="2022-08-08T16:14:22 IST" duration-ms="828" status="PASS">
          <reporter-output>
          </reporter-output>
        </test-method> <!-- aftersute -->
      </class> <!-- TestCases.AccountCreationPageTest -->
      <class name="TestCases.IndexPageTest">
        <test-method is-config="true" signature="setup(java.lang.String)[pri:0, instance:TestCases.IndexPageTest@769f71a9]" started-at="2022-08-08T16:11:36 IST" name="setup" finished-at="2022-08-08T16:11:50 IST" duration-ms="13721" status="PASS">
          <params>
            <param index="0">
              <value>
                <![CDATA[Chrome]]>
              </value>
            </param>
          </params>
          <reporter-output>
          </reporter-output>
        </test-method> <!-- setup -->
        <test-method signature="verifyLogo()[pri:0, instance:TestCases.IndexPageTest@769f71a9]" started-at="2022-08-08T16:11:50 IST" name="verifyLogo" finished-at="2022-08-08T16:11:50 IST" duration-ms="78" status="PASS">
          <reporter-output>
          </reporter-output>
        </test-method> <!-- verifyLogo -->
        <test-method is-config="true" signature="tesrDown()[pri:0, instance:TestCases.IndexPageTest@769f71a9]" started-at="2022-08-08T16:11:50 IST" name="tesrDown" finished-at="2022-08-08T16:11:50 IST" duration-ms="382" status="PASS">
          <reporter-output>
          </reporter-output>
        </test-method> <!-- tesrDown -->
        <test-method is-config="true" signature="setup(java.lang.String)[pri:0, instance:TestCases.IndexPageTest@769f71a9]" started-at="2022-08-08T16:11:50 IST" name="setup" finished-at="2022-08-08T16:12:01 IST" duration-ms="10534" status="PASS">
          <params>
            <param index="0">
              <value>
                <![CDATA[Chrome]]>
              </value>
            </param>
          </params>
          <reporter-output>
          </reporter-output>
        </test-method> <!-- setup -->
        <test-method signature="verifyTitle()[pri:0, instance:TestCases.IndexPageTest@769f71a9]" started-at="2022-08-08T16:12:01 IST" name="verifyTitle" finished-at="2022-08-08T16:12:01 IST" duration-ms="9" status="FAIL">
          <exception class="java.lang.AssertionError">
            <message>
              <![CDATA[expected [My Store1] but found [My Store]]]>
            </message>
            <full-stacktrace>
              <![CDATA[java.lang.AssertionError: expected [My Store1] but found [My Store]
at org.testng.Assert.fail(Assert.java:97)
at org.testng.Assert.assertEqualsImpl(Assert.java:136)
at org.testng.Assert.assertEquals(Assert.java:118)
at org.testng.Assert.assertEquals(Assert.java:575)
at org.testng.Assert.assertEquals(Assert.java:585)
at TestCases.IndexPageTest.verifyTitle(IndexPageTest.java:48)
at java.base/jdk.internal.reflect.NativeMethodAccessorImpl.invoke0(Native Method)
at java.base/jdk.internal.reflect.NativeMethodAccessorImpl.invoke(NativeMethodAccessorImpl.java:77)
at java.base/jdk.internal.reflect.DelegatingMethodAccessorImpl.invoke(DelegatingMethodAccessorImpl.java:43)
at java.base/java.lang.reflect.Method.invoke(Method.java:568)
at org.testng.internal.MethodInvocationHelper.invokeMethod(MethodInvocationHelper.java:134)
at org.testng.internal.TestInvoker.invokeMethod(TestInvoker.java:597)
at org.testng.internal.TestInvoker.invokeTestMethod(TestInvoker.java:173)
at org.testng.internal.MethodRunner.runInSequence(MethodRunner.java:46)
at org.testng.internal.TestInvoker$MethodInvocationAgent.invoke(TestInvoker.java:816)
at org.testng.internal.TestInvoker.invokeTestMethods(TestInvoker.java:146)
at org.testng.internal.TestMethodWorker.invokeTestMethods(TestMethodWorker.java:146)
at org.testng.internal.TestMethodWorker.run(TestMethodWorker.java:128)
at java.base/java.util.ArrayList.forEach(ArrayList.java:1511)
at org.testng.TestRunner.privateRun(TestRunner.java:766)
at org.testng.TestRunner.run(TestRunner.java:587)
at org.testng.SuiteRunner.runTest(SuiteRunner.java:384)
at org.testng.SuiteRunner.runSequentially(SuiteRunner.java:378)
at org.testng.SuiteRunner.privateRun(SuiteRunner.java:337)
at org.testng.SuiteRunner.run(SuiteRunner.java:286)
at org.testng.SuiteRunnerWorker.runSuite(SuiteRunnerWorker.java:53)
at org.testng.SuiteRunnerWorker.run(SuiteRunnerWorker.java:96)
at org.testng.TestNG.runSuitesSequentially(TestNG.java:1187)
at org.testng.TestNG.runSuitesLocally(TestNG.java:1109)
at org.testng.TestNG.runSuites(TestNG.java:1039)
at org.testng.TestNG.run(TestNG.java:1007)
at org.testng.remote.AbstractRemoteTestNG.run(AbstractRemoteTestNG.java:115)
at org.testng.remote.RemoteTestNG.initAndRun(RemoteTestNG.java:251)
at org.testng.remote.RemoteTestNG.main(RemoteTestNG.java:77)
]]>
            </full-stacktrace>
          </exception> <!-- java.lang.AssertionError -->
          <reporter-output>
          </reporter-output>
        </test-method> <!-- verifyTitle -->
        <test-method is-config="true" signature="tesrDown()[pri:0, instance:TestCases.IndexPageTest@769f71a9]" started-at="2022-08-08T16:12:01 IST" name="tesrDown" finished-at="2022-08-08T16:12:02 IST" duration-ms="468" status="PASS">
          <reporter-output>
          </reporter-output>
        </test-method> <!-- tesrDown -->
      </class> <!-- TestCases.IndexPageTest -->
      <class name="TestCases.HomePageTest">
        <test-method is-config="true" signature="setup(java.lang.String)[pri:0, instance:TestCases.HomePageTest@49b0b76]" started-at="2022-08-08T16:10:50 IST" name="setup" finished-at="2022-08-08T16:11:04 IST" duration-ms="13536" status="PASS">
          <params>
            <param index="0">
              <value>
                <![CDATA[Chrome]]>
              </value>
            </param>
          </params>
          <reporter-output>
          </reporter-output>
        </test-method> <!-- setup -->
        <test-method signature="verifyOrderHistory(java.lang.String, java.lang.String)[pri:0, instance:TestCases.HomePageTest@49b0b76]" started-at="2022-08-08T16:11:04 IST" name="verifyOrderHistory" data-provider="credentials" finished-at="2022-08-08T16:11:11 IST" duration-ms="6784" status="PASS">
          <params>
            <param index="0">
              <value>
                <![CDATA[admin@xyz.com]]>
              </value>
            </param>
            <param index="1">
              <value>
                <![CDATA[admin@123]]>
              </value>
            </param>
          </params>
          <reporter-output>
          </reporter-output>
        </test-method> <!-- verifyOrderHistory -->
        <test-method is-config="true" signature="tesrDown()[pri:0, instance:TestCases.HomePageTest@49b0b76]" started-at="2022-08-08T16:11:11 IST" name="tesrDown" finished-at="2022-08-08T16:11:12 IST" duration-ms="1346" status="PASS">
          <reporter-output>
          </reporter-output>
        </test-method> <!-- tesrDown -->
        <test-method is-config="true" signature="setup(java.lang.String)[pri:0, instance:TestCases.HomePageTest@49b0b76]" started-at="2022-08-08T16:11:12 IST" name="setup" finished-at="2022-08-08T16:11:23 IST" duration-ms="10928" status="PASS">
          <params>
            <param index="0">
              <value>
                <![CDATA[Chrome]]>
              </value>
            </param>
          </params>
          <reporter-output>
          </reporter-output>
        </test-method> <!-- setup -->
        <test-method signature="verifyWishList(java.lang.String, java.lang.String)[pri:0, instance:TestCases.HomePageTest@49b0b76]" started-at="2022-08-08T16:11:23 IST" name="verifyWishList" data-provider="credentials" finished-at="2022-08-08T16:11:35 IST" duration-ms="12344" status="PASS">
          <params>
            <param index="0">
              <value>
                <![CDATA[admin@xyz.com]]>
              </value>
            </param>
            <param index="1">
              <value>
                <![CDATA[admin@123]]>
              </value>
            </param>
          </params>
          <reporter-output>
          </reporter-output>
        </test-method> <!-- verifyWishList -->
        <test-method is-config="true" signature="tesrDown()[pri:0, instance:TestCases.HomePageTest@49b0b76]" started-at="2022-08-08T16:11:35 IST" name="tesrDown" finished-at="2022-08-08T16:11:36 IST" duration-ms="665" status="PASS">
          <reporter-output>
          </reporter-output>
        </test-method> <!-- tesrDown -->
      </class> <!-- TestCases.HomePageTest -->
      <class name="TestCases.LoginPageTest">
        <test-method is-config="true" signature="setup(java.lang.String)[pri:0, instance:TestCases.LoginPageTest@6f96c77]" started-at="2022-08-08T16:12:49 IST" name="setup" finished-at="2022-08-08T16:13:02 IST" duration-ms="12572" status="PASS">
          <params>
            <param index="0">
              <value>
                <![CDATA[Chrome]]>
              </value>
            </param>
          </params>
          <reporter-output>
          </reporter-output>
        </test-method> <!-- setup -->
        <test-method signature="loginTest(java.lang.String, java.lang.String)[pri:0, instance:TestCases.LoginPageTest@6f96c77]" started-at="2022-08-08T16:13:02 IST" name="loginTest" data-provider="credentials" finished-at="2022-08-08T16:13:11 IST" duration-ms="9494" status="PASS">
          <params>
            <param index="0">
              <value>
                <![CDATA[admin@xyz.com]]>
              </value>
            </param>
            <param index="1">
              <value>
                <![CDATA[admin@123]]>
              </value>
            </param>
          </params>
          <reporter-output>
          </reporter-output>
        </test-method> <!-- loginTest -->
        <test-method is-config="true" signature="tesrDown()[pri:0, instance:TestCases.LoginPageTest@6f96c77]" started-at="2022-08-08T16:13:11 IST" name="tesrDown" finished-at="2022-08-08T16:13:12 IST" duration-ms="445" status="PASS">
          <reporter-output>
          </reporter-output>
        </test-method> <!-- tesrDown -->
      </class> <!-- TestCases.LoginPageTest -->
      <class name="TestCases.SearchResultPageTest">
        <test-method is-config="true" signature="setup(java.lang.String)[pri:0, instance:TestCases.SearchResultPageTest@5ae50ce6]" started-at="2022-08-08T16:12:26 IST" name="setup" finished-at="2022-08-08T16:12:40 IST" duration-ms="13963" status="PASS">
          <params>
            <param index="0">
              <value>
                <![CDATA[Chrome]]>
              </value>
            </param>
          </params>
          <reporter-output>
          </reporter-output>
        </test-method> <!-- setup -->
        <test-method signature="verifyProductIsAvailable(java.lang.String)[pri:0, instance:TestCases.SearchResultPageTest@5ae50ce6]" started-at="2022-08-08T16:12:40 IST" name="verifyProductIsAvailable" data-provider="searchProduct" finished-at="2022-08-08T16:12:48 IST" duration-ms="8145" status="PASS">
          <params>
            <param index="0">
              <value>
                <![CDATA[t-shirt]]>
              </value>
            </param>
          </params>
          <reporter-output>
          </reporter-output>
        </test-method> <!-- verifyProductIsAvailable -->
        <test-method is-config="true" signature="tesrDown()[pri:0, instance:TestCases.SearchResultPageTest@5ae50ce6]" started-at="2022-08-08T16:12:48 IST" name="tesrDown" finished-at="2022-08-08T16:12:49 IST" duration-ms="1264" status="PASS">
          <reporter-output>
          </reporter-output>
        </test-method> <!-- tesrDown -->
      </class> <!-- TestCases.SearchResultPageTest -->
      <class name="TestCases.EndToEndTest">
        <test-method is-config="true" signature="setup(java.lang.String)[pri:0, instance:TestCases.EndToEndTest@be64738]" started-at="2022-08-08T16:13:12 IST" name="setup" finished-at="2022-08-08T16:13:22 IST" duration-ms="9975" status="PASS">
          <params>
            <param index="0">
              <value>
                <![CDATA[Chrome]]>
              </value>
            </param>
          </params>
          <reporter-output>
          </reporter-output>
        </test-method> <!-- setup -->
        <test-method signature="endToEndTest(java.lang.String, java.lang.String, java.lang.String)[pri:0, instance:TestCases.EndToEndTest@be64738]" started-at="2022-08-08T16:13:22 IST" name="endToEndTest" data-provider="getProduct" finished-at="2022-08-08T16:14:00 IST" duration-ms="38451" status="PASS">
          <params>
            <param index="0">
              <value>
                <![CDATA[t-shirt]]>
              </value>
            </param>
            <param index="1">
              <value>
                <![CDATA[2]]>
              </value>
            </param>
            <param index="2">
              <value>
                <![CDATA[2]]>
              </value>
            </param>
          </params>
          <reporter-output>
          </reporter-output>
        </test-method> <!-- endToEndTest -->
        <test-method is-config="true" signature="tesrDown()[pri:0, instance:TestCases.EndToEndTest@be64738]" started-at="2022-08-08T16:14:00 IST" name="tesrDown" finished-at="2022-08-08T16:14:01 IST" duration-ms="539" status="PASS">
          <reporter-output>
          </reporter-output>
        </test-method> <!-- tesrDown -->
      </class> <!-- TestCases.EndToEndTest -->
      <class name="TestCases.AddToCartPageTest">
        <test-method is-config="true" signature="setup(java.lang.String)[pri:0, instance:TestCases.AddToCartPageTest@3ba9ad43]" started-at="2022-08-08T16:14:01 IST" name="setup" finished-at="2022-08-08T16:14:11 IST" duration-ms="9543" status="PASS">
          <params>
            <param index="0">
              <value>
                <![CDATA[Chrome]]>
              </value>
            </param>
          </params>
          <reporter-output>
          </reporter-output>
        </test-method> <!-- setup -->
        <test-method signature="verifyaddToCart(java.lang.String, java.lang.String, java.lang.String)[pri:0, instance:TestCases.AddToCartPageTest@3ba9ad43]" started-at="2022-08-08T16:14:11 IST" name="verifyaddToCart" data-provider="getProduct" finished-at="2022-08-08T16:14:21 IST" duration-ms="9999" status="PASS">
          <params>
            <param index="0">
              <value>
                <![CDATA[t-shirt]]>
              </value>
            </param>
            <param index="1">
              <value>
                <![CDATA[2]]>
              </value>
            </param>
            <param index="2">
              <value>
                <![CDATA[2]]>
              </value>
            </param>
          </params>
          <reporter-output>
          </reporter-output>
        </test-method> <!-- verifyaddToCart -->
        <test-method is-config="true" signature="tesrDown()[pri:0, instance:TestCases.AddToCartPageTest@3ba9ad43]" started-at="2022-08-08T16:14:21 IST" name="tesrDown" finished-at="2022-08-08T16:14:21 IST" duration-ms="390" status="PASS">
          <reporter-output>
          </reporter-output>
        </test-method> <!-- tesrDown -->
      </class> <!-- TestCases.AddToCartPageTest -->
    </test> <!-- Test_All -->
  </suite> <!-- Suite -->
</testng-results>
