<?xml version="1.0" encoding="UTF-8"?>
<!-- Generated by org.testng.reporters.JUnitXMLReporter -->
<testsuite ignored="14" hostname="Sanket" failures="1" tests="10" name="Test_All" time="239.49" errors="0" timestamp="2022-08-08T16:14:21 IST">
  <testcase classname="TestCases.AccountCreationPageTest" name="verifyAccountCreationPage" time="7.431"/>
  <testcase classname="TestCases.HomePageTest" name="verifyOrderHistory" time="6.784"/>
  <testcase classname="TestCases.HomePageTest" name="verifyWishList" time="12.344"/>
  <testcase classname="TestCases.IndexPageTest" name="verifyLogo" time="0.078"/>
  <testcase classname="TestCases.IndexPageTest" name="verifyTitle" time="0.009">
    <failure type="java.lang.AssertionError" message="expected [My Store1] but found [My Store]">
      <![CDATA[java.lang.AssertionError: expected [My Store1] but found [My Store]
at TestCases.IndexPageTest.verifyTitle(IndexPageTest.java:48)
at java.base/java.util.ArrayList.forEach(ArrayList.java:1511)
... Removed 32 stack frames]]>
    </failure>
  </testcase> <!-- verifyTitle -->
  <testcase classname="TestCases.OrderPageTest" name="verifyTotalPrice" time="13.581"/>
  <testcase classname="TestCases.SearchResultPageTest" name="verifyProductIsAvailable" time="8.145"/>
  <testcase classname="TestCases.LoginPageTest" name="loginTest" time="9.494"/>
  <testcase classname="TestCases.EndToEndTest" name="endToEndTest" time="38.451"/>
  <testcase classname="TestCases.AddToCartPageTest" name="verifyaddToCart" time="9.999"/>
  <testcase classname="base.BaseClass" name="@BeforeSuite loadConfig" time="0.0">
    <ignored/>
  </testcase> <!-- @BeforeSuite loadConfig -->
  <testcase classname="base.BaseClass" name="@BeforeSuite loadConfig" time="0.0">
    <ignored/>
  </testcase> <!-- @BeforeSuite loadConfig -->
  <testcase classname="base.BaseClass" name="@BeforeSuite loadConfig" time="0.0">
    <ignored/>
  </testcase> <!-- @BeforeSuite loadConfig -->
  <testcase classname="base.BaseClass" name="@BeforeSuite loadConfig" time="0.0">
    <ignored/>
  </testcase> <!-- @BeforeSuite loadConfig -->
  <testcase classname="base.BaseClass" name="@BeforeSuite loadConfig" time="0.0">
    <ignored/>
  </testcase> <!-- @BeforeSuite loadConfig -->
  <testcase classname="base.BaseClass" name="@BeforeSuite loadConfig" time="0.0">
    <ignored/>
  </testcase> <!-- @BeforeSuite loadConfig -->
  <testcase classname="base.BaseClass" name="@BeforeSuite loadConfig" time="0.0">
    <ignored/>
  </testcase> <!-- @BeforeSuite loadConfig -->
  <testcase classname="base.BaseClass" name="@AfterSuite aftersute" time="0.0">
    <ignored/>
  </testcase> <!-- @AfterSuite aftersute -->
  <testcase classname="base.BaseClass" name="@AfterSuite aftersute" time="0.0">
    <ignored/>
  </testcase> <!-- @AfterSuite aftersute -->
  <testcase classname="base.BaseClass" name="@AfterSuite aftersute" time="0.0">
    <ignored/>
  </testcase> <!-- @AfterSuite aftersute -->
  <testcase classname="base.BaseClass" name="@AfterSuite aftersute" time="0.0">
    <ignored/>
  </testcase> <!-- @AfterSuite aftersute -->
  <testcase classname="base.BaseClass" name="@AfterSuite aftersute" time="0.0">
    <ignored/>
  </testcase> <!-- @AfterSuite aftersute -->
  <testcase classname="base.BaseClass" name="@AfterSuite aftersute" time="0.0">
    <ignored/>
  </testcase> <!-- @AfterSuite aftersute -->
  <testcase classname="base.BaseClass" name="@AfterSuite aftersute" time="0.0">
    <ignored/>
  </testcase> <!-- @AfterSuite aftersute -->
</testsuite> <!-- Test_All -->
